[Level: INFO] info 

Timestamp: (Sat Jul 08 2023)->  ⏲ 1:0:10

Message: 🛢 Database Connected Successfully ⚙



[Level: INFO] info 

Timestamp: (Sat Jul 08 2023)->  ⏲ 1:0:10

Message: Application listening on port 5000



[Level: INFO] info 

Timestamp: (Sat Jul 08 2023)->   ⏲ 1:0:28

Message: 🛢 Database Connected Successfully ⚙



[Level: INFO] info 

Timestamp: (Sat Jul 08 2023)->   ⏲ 1:0:28

Message: Application listening on port 5000



[Level: INFO] info 

Timestamp: (Sat Jul 08 2023)-> ⏲ 1:0:36

Message: 🛢 Database Connected Successfully ⚙



[Level: INFO] info 

Timestamp: (Sat Jul 08 2023)-> ⏲ 1:0:36

Message: Application listening on port 5000



[Level: INFO] info 

Timestamp: (Sat Jul 08 2023)-> ⏲  1:0:44

Message: 🛢 Database Connected Successfully ⚙



[Level: INFO] info 

Timestamp: (Sat Jul 08 2023)-> ⏲  1:0:44

Message: Application listening on port 5000



